<?xml version="1.0" encoding="UTF-8"?>
<testsuites>
  <testsuite name="Usertest" file="/var/www/html/codeigniter/application/tests/controllers/Usertest.php" tests="1" assertions="1" errors="0" failures="0" skipped="0" time="0.182183">
    <testcase name="testGet" class="Usertest" classname="Usertest" file="/var/www/html/codeigniter/application/tests/controllers/Usertest.php" line="17" assertions="1" time="0.182183">
      <system-out>/var/www/html/codeigniter/application/tests/controllers/Usertest.php:21:
int(200)
</system-out>
    </testcase>
  </testsuite>
</testsuites>
