<?xml version="1.0" encoding="UTF-8"?>
<testsuites>
  <testsuite name="CodeIgniter Application Test Suite" tests="5" assertions="5" errors="0" failures="0" skipped="0" time="0.441634">
    <testsuite name="Result_test" file="/var/www/html/codeigniter/application/tests/controllers/Result_test.php" tests="1" assertions="1" errors="0" failures="0" skipped="0" time="0.214116">
      <testcase name="test_get_msg" class="Result_test" classname="Result_test" file="/var/www/html/codeigniter/application/tests/controllers/Result_test.php" line="3" assertions="1" time="0.214116"/>
    </testsuite>
    <testsuite name="Usertest" file="/var/www/html/codeigniter/application/tests/controllers/Usertest.php" tests="1" assertions="1" errors="0" failures="0" skipped="0" time="0.081431">
      <testcase name="testGet" class="Usertest" classname="Usertest" file="/var/www/html/codeigniter/application/tests/controllers/Usertest.php" line="17" assertions="1" time="0.081431">
        <system-out>/var/www/html/codeigniter/application/tests/controllers/Usertest.php:21:
int(200)
</system-out>
      </testcase>
    </testsuite>
    <testsuite name="Welcome_test" file="/var/www/html/codeigniter/application/tests/controllers/Welcome_test.php" tests="3" assertions="3" errors="0" failures="0" skipped="0" time="0.146087">
      <testcase name="test_index" class="Welcome_test" classname="Welcome_test" file="/var/www/html/codeigniter/application/tests/controllers/Welcome_test.php" line="13" assertions="1" time="0.089587"/>
      <testcase name="test_method_404" class="Welcome_test" classname="Welcome_test" file="/var/www/html/codeigniter/application/tests/controllers/Welcome_test.php" line="19" assertions="1" time="0.051269"/>
      <testcase name="test_APPPATH" class="Welcome_test" classname="Welcome_test" file="/var/www/html/codeigniter/application/tests/controllers/Welcome_test.php" line="25" assertions="1" time="0.005231"/>
    </testsuite>
  </testsuite>
</testsuites>
